# JRE version: Java(TM) SE Runtime Environment 18.9 (11.0.7+8) (build 11.0.7+8-LTS)
# Java VM: Java HotSpot(TM) 64-Bit Server VM 18.9 (11.0.7+8-LTS, mixed mode, tiered, compressed oops, g1 gc, linux-amd64)
Heap:
 garbage-first heap   total 126976K, used 18772K [0x0000000084000000, 0x0000000100000000)
  region size 1024K, 11 young (11264K), 6 survivors (6144K)
 Metaspace       used 30789K, capacity 31797K, committed 32000K, reserved 1077248K
  class space    used 3897K, capacity 4324K, committed 4352K, reserved 1048576K
GC Heap History (6 events):
Event: 0.712 GC heap before
{Heap before GC invocations=0 (full 0):
 garbage-first heap   total 126976K, used 23552K [0x0000000084000000, 0x0000000100000000)
  region size 1024K, 24 young (24576K), 0 survivors (0K)
 Metaspace       used 11403K, capacity 11702K, committed 11904K, reserved 1060864K
  class space    used 1193K, capacity 1311K, committed 1408K, reserved 1048576K
}
Event: 0.723 GC heap after
{Heap after GC invocations=1 (full 0):
 garbage-first heap   total 126976K, used 4271K [0x0000000084000000, 0x0000000100000000)
  region size 1024K, 3 young (3072K), 3 survivors (3072K)
 Metaspace       used 11403K, capacity 11702K, committed 11904K, reserved 1060864K
  class space    used 1193K, capacity 1311K, committed 1408K, reserved 1048576K
}
Event: 1.223 GC heap before
{Heap before GC invocations=1 (full 0):
 garbage-first heap   total 126976K, used 31919K [0x0000000084000000, 0x0000000100000000)
  region size 1024K, 31 young (31744K), 3 survivors (3072K)
 Metaspace       used 20473K, capacity 21009K, committed 21248K, reserved 1069056K
  class space    used 2350K, capacity 2539K, committed 2560K, reserved 1048576K
}
Event: 1.227 GC heap after
{Heap after GC invocations=2 (full 0):
 garbage-first heap   total 126976K, used 6593K [0x0000000084000000, 0x0000000100000000)
  region size 1024K, 6 young (6144K), 6 survivors (6144K)
 Metaspace       used 20473K, capacity 21009K, committed 21248K, reserved 1069056K
  class space    used 2350K, capacity 2539K, committed 2560K, reserved 1048576K
}
Event: 1.942 GC heap before
{Heap before GC invocations=3 (full 0):
 garbage-first heap   total 126976K, used 46529K [0x0000000084000000, 0x0000000100000000)
  region size 1024K, 42 young (43008K), 6 survivors (6144K)
 Metaspace       used 29146K, capacity 30033K, committed 30080K, reserved 1075200K
  class space    used 3812K, capacity 4209K, committed 4224K, reserved 1048576K
}
Event: 1.948 GC heap after
{Heap after GC invocations=4 (full 0):
 garbage-first heap   total 126976K, used 12628K [0x0000000084000000, 0x0000000100000000)
  region size 1024K, 6 young (6144K), 6 survivors (6144K)
 Metaspace       used 29146K, capacity 30033K, committed 30080K, reserved 1075200K
  class space    used 3812K, capacity 4209K, committed 4224K, reserved 1048576K
}

