# JRE version: Java(TM) SE Runtime Environment 18.9 (11.0.7+8) (build 11.0.7+8-LTS)
# Java VM: Java HotSpot(TM) 64-Bit Server VM 18.9 (11.0.7+8-LTS, mixed mode, tiered, compressed oops, g1 gc, linux-amd64)
Heap:
 garbage-first heap   total 126976K, used 20632K [0x0000000084000000, 0x0000000100000000)
  region size 1024K, 12 young (12288K), 5 survivors (5120K)
 Metaspace       used 30639K, capacity 31588K, committed 31744K, reserved 1077248K
  class space    used 3880K, capacity 4320K, committed 4352K, reserved 1048576K
GC Heap History (6 events):
Event: 0.676 GC heap before
{Heap before GC invocations=0 (full 0):
 garbage-first heap   total 126976K, used 23552K [0x0000000084000000, 0x0000000100000000)
  region size 1024K, 24 young (24576K), 0 survivors (0K)
 Metaspace       used 12169K, capacity 12587K, committed 12800K, reserved 1060864K
  class space    used 1283K, capacity 1438K, committed 1536K, reserved 1048576K
}
Event: 0.686 GC heap after
{Heap after GC invocations=1 (full 0):
 garbage-first heap   total 126976K, used 4338K [0x0000000084000000, 0x0000000100000000)
  region size 1024K, 3 young (3072K), 3 survivors (3072K)
 Metaspace       used 12169K, capacity 12587K, committed 12800K, reserved 1060864K
  class space    used 1283K, capacity 1438K, committed 1536K, reserved 1048576K
}
Event: 1.145 GC heap before
{Heap before GC invocations=1 (full 0):
 garbage-first heap   total 126976K, used 30962K [0x0000000084000000, 0x0000000100000000)
  region size 1024K, 30 young (30720K), 3 survivors (3072K)
 Metaspace       used 20379K, capacity 20936K, committed 21248K, reserved 1069056K
  class space    used 2340K, capacity 2536K, committed 2560K, reserved 1048576K
}
Event: 1.154 GC heap after
{Heap after GC invocations=2 (full 0):
 garbage-first heap   total 126976K, used 6475K [0x0000000084000000, 0x0000000100000000)
  region size 1024K, 6 young (6144K), 6 survivors (6144K)
 Metaspace       used 20379K, capacity 20936K, committed 21248K, reserved 1069056K
  class space    used 2340K, capacity 2536K, committed 2560K, reserved 1048576K
}
Event: 1.789 GC heap before
{Heap before GC invocations=3 (full 0):
 garbage-first heap   total 126976K, used 45387K [0x0000000084000000, 0x0000000100000000)
  region size 1024K, 40 young (40960K), 6 survivors (6144K)
 Metaspace       used 28820K, capacity 29705K, committed 29824K, reserved 1075200K
  class space    used 3767K, capacity 4163K, committed 4224K, reserved 1048576K
}
Event: 1.794 GC heap after
{Heap after GC invocations=4 (full 0):
 garbage-first heap   total 126976K, used 12440K [0x0000000084000000, 0x0000000100000000)
  region size 1024K, 5 young (5120K), 5 survivors (5120K)
 Metaspace       used 28820K, capacity 29705K, committed 29824K, reserved 1075200K
  class space    used 3767K, capacity 4163K, committed 4224K, reserved 1048576K
}

