# JRE version: Java(TM) SE Runtime Environment 18.9 (11.0.7+8) (build 11.0.7+8-LTS)
# Java VM: Java HotSpot(TM) 64-Bit Server VM 18.9 (11.0.7+8-LTS, mixed mode, tiered, compressed oops, g1 gc, linux-amd64)
Heap:
 garbage-first heap   total 126976K, used 20562K [0x0000000084000000, 0x0000000100000000)
  region size 1024K, 12 young (12288K), 5 survivors (5120K)
 Metaspace       used 30691K, capacity 31669K, committed 31744K, reserved 1077248K
  class space    used 3891K, capacity 4323K, committed 4352K, reserved 1048576K
GC Heap History (6 events):
Event: 0.721 GC heap before
{Heap before GC invocations=0 (full 0):
 garbage-first heap   total 126976K, used 23552K [0x0000000084000000, 0x0000000100000000)
  region size 1024K, 24 young (24576K), 0 survivors (0K)
 Metaspace       used 12189K, capacity 12590K, committed 12800K, reserved 1060864K
  class space    used 1283K, capacity 1438K, committed 1536K, reserved 1048576K
}
Event: 0.725 GC heap after
{Heap after GC invocations=1 (full 0):
 garbage-first heap   total 126976K, used 4434K [0x0000000084000000, 0x0000000100000000)
  region size 1024K, 3 young (3072K), 3 survivors (3072K)
 Metaspace       used 12189K, capacity 12590K, committed 12800K, reserved 1060864K
  class space    used 1283K, capacity 1438K, committed 1536K, reserved 1048576K
}
Event: 1.202 GC heap before
{Heap before GC invocations=1 (full 0):
 garbage-first heap   total 126976K, used 31058K [0x0000000084000000, 0x0000000100000000)
  region size 1024K, 30 young (30720K), 3 survivors (3072K)
 Metaspace       used 20503K, capacity 21076K, committed 21248K, reserved 1069056K
  class space    used 2350K, capacity 2539K, committed 2560K, reserved 1048576K
}
Event: 1.207 GC heap after
{Heap after GC invocations=2 (full 0):
 garbage-first heap   total 126976K, used 6684K [0x0000000084000000, 0x0000000100000000)
  region size 1024K, 6 young (6144K), 6 survivors (6144K)
 Metaspace       used 20503K, capacity 21076K, committed 21248K, reserved 1069056K
  class space    used 2350K, capacity 2539K, committed 2560K, reserved 1048576K
}
Event: 1.894 GC heap before
{Heap before GC invocations=3 (full 0):
 garbage-first heap   total 126976K, used 44572K [0x0000000084000000, 0x0000000100000000)
  region size 1024K, 40 young (40960K), 6 survivors (6144K)
 Metaspace       used 28497K, capacity 29371K, committed 29568K, reserved 1075200K
  class space    used 3724K, capacity 4108K, committed 4224K, reserved 1048576K
}
Event: 1.900 GC heap after
{Heap after GC invocations=4 (full 0):
 garbage-first heap   total 126976K, used 12370K [0x0000000084000000, 0x0000000100000000)
  region size 1024K, 5 young (5120K), 5 survivors (5120K)
 Metaspace       used 28497K, capacity 29371K, committed 29568K, reserved 1075200K
  class space    used 3724K, capacity 4108K, committed 4224K, reserved 1048576K
}

