# JRE version: Java(TM) SE Runtime Environment 18.9 (11.0.7+8) (build 11.0.7+8-LTS)
# Java VM: Java HotSpot(TM) 64-Bit Server VM 18.9 (11.0.7+8-LTS, mixed mode, tiered, compressed oops, g1 gc, linux-amd64)
Heap:
 garbage-first heap   total 126976K, used 20403K [0x0000000084000000, 0x0000000100000000)
  region size 1024K, 12 young (12288K), 6 survivors (6144K)
 Metaspace       used 31084K, capacity 32053K, committed 32176K, reserved 1077248K
  class space    used 3903K, capacity 4323K, committed 4352K, reserved 1048576K
GC Heap History (6 events):
Event: 0.850 GC heap before
{Heap before GC invocations=0 (full 0):
 garbage-first heap   total 126976K, used 23552K [0x0000000084000000, 0x0000000100000000)
  region size 1024K, 24 young (24576K), 0 survivors (0K)
 Metaspace       used 11394K, capacity 11701K, committed 11904K, reserved 1060864K
  class space    used 1195K, capacity 1311K, committed 1408K, reserved 1048576K
}
Event: 0.854 GC heap after
{Heap after GC invocations=1 (full 0):
 garbage-first heap   total 126976K, used 4585K [0x0000000084000000, 0x0000000100000000)
  region size 1024K, 3 young (3072K), 3 survivors (3072K)
 Metaspace       used 11394K, capacity 11701K, committed 11904K, reserved 1060864K
  class space    used 1195K, capacity 1311K, committed 1408K, reserved 1048576K
}
Event: 1.421 GC heap before
{Heap before GC invocations=1 (full 0):
 garbage-first heap   total 126976K, used 32233K [0x0000000084000000, 0x0000000100000000)
  region size 1024K, 31 young (31744K), 3 survivors (3072K)
 Metaspace       used 20630K, capacity 21137K, committed 21296K, reserved 1069056K
  class space    used 2384K, capacity 2603K, committed 2688K, reserved 1048576K
}
Event: 1.425 GC heap after
{Heap after GC invocations=2 (full 0):
 garbage-first heap   total 126976K, used 6497K [0x0000000084000000, 0x0000000100000000)
  region size 1024K, 5 young (5120K), 5 survivors (5120K)
 Metaspace       used 20630K, capacity 21137K, committed 21296K, reserved 1069056K
  class space    used 2384K, capacity 2603K, committed 2688K, reserved 1048576K
}
Event: 2.178 GC heap before
{Heap before GC invocations=3 (full 0):
 garbage-first heap   total 126976K, used 48481K [0x0000000084000000, 0x0000000100000000)
  region size 1024K, 41 young (41984K), 5 survivors (5120K)
 Metaspace       used 29251K, capacity 30182K, committed 30384K, reserved 1075200K
  class space    used 3816K, capacity 4238K, committed 4352K, reserved 1048576K
}
Event: 2.185 GC heap after
{Heap after GC invocations=4 (full 0):
 garbage-first heap   total 126976K, used 15283K [0x0000000084000000, 0x0000000100000000)
  region size 1024K, 6 young (6144K), 6 survivors (6144K)
 Metaspace       used 29251K, capacity 30182K, committed 30384K, reserved 1075200K
  class space    used 3816K, capacity 4238K, committed 4352K, reserved 1048576K
}

