# JRE version: Java(TM) SE Runtime Environment 18.9 (11.0.7+8) (build 11.0.7+8-LTS)
# Java VM: Java HotSpot(TM) 64-Bit Server VM 18.9 (11.0.7+8-LTS, mixed mode, tiered, compressed oops, g1 gc, linux-amd64)
Heap:
 garbage-first heap   total 126976K, used 18566K [0x0000000084000000, 0x0000000100000000)
  region size 1024K, 10 young (10240K), 6 survivors (6144K)
 Metaspace       used 30696K, capacity 31669K, committed 31744K, reserved 1077248K
  class space    used 3890K, capacity 4323K, committed 4352K, reserved 1048576K
GC Heap History (6 events):
Event: 0.721 GC heap before
{Heap before GC invocations=0 (full 0):
 garbage-first heap   total 126976K, used 23552K [0x0000000084000000, 0x0000000100000000)
  region size 1024K, 24 young (24576K), 0 survivors (0K)
 Metaspace       used 11397K, capacity 11711K, committed 11904K, reserved 1060864K
  class space    used 1194K, capacity 1313K, committed 1408K, reserved 1048576K
}
Event: 0.725 GC heap after
{Heap after GC invocations=1 (full 0):
 garbage-first heap   total 126976K, used 4253K [0x0000000084000000, 0x0000000100000000)
  region size 1024K, 3 young (3072K), 3 survivors (3072K)
 Metaspace       used 11397K, capacity 11711K, committed 11904K, reserved 1060864K
  class space    used 1194K, capacity 1313K, committed 1408K, reserved 1048576K
}
Event: 1.221 GC heap before
{Heap before GC invocations=1 (full 0):
 garbage-first heap   total 126976K, used 31901K [0x0000000084000000, 0x0000000100000000)
  region size 1024K, 31 young (31744K), 3 survivors (3072K)
 Metaspace       used 20509K, capacity 21076K, committed 21248K, reserved 1069056K
  class space    used 2350K, capacity 2539K, committed 2560K, reserved 1048576K
}
Event: 1.225 GC heap after
{Heap after GC invocations=2 (full 0):
 garbage-first heap   total 126976K, used 6898K [0x0000000084000000, 0x0000000100000000)
  region size 1024K, 6 young (6144K), 6 survivors (6144K)
 Metaspace       used 20509K, capacity 21076K, committed 21248K, reserved 1069056K
  class space    used 2350K, capacity 2539K, committed 2560K, reserved 1048576K
}
Event: 1.992 GC heap before
{Heap before GC invocations=3 (full 0):
 garbage-first heap   total 126976K, used 50930K [0x0000000084000000, 0x0000000100000000)
  region size 1024K, 43 young (44032K), 6 survivors (6144K)
 Metaspace       used 29300K, capacity 30256K, committed 30464K, reserved 1075200K
  class space    used 3821K, capacity 4240K, committed 4352K, reserved 1048576K
}
Event: 1.998 GC heap after
{Heap after GC invocations=4 (full 0):
 garbage-first heap   total 126976K, used 15494K [0x0000000084000000, 0x0000000100000000)
  region size 1024K, 6 young (6144K), 6 survivors (6144K)
 Metaspace       used 29300K, capacity 30256K, committed 30464K, reserved 1075200K
  class space    used 3821K, capacity 4240K, committed 4352K, reserved 1048576K
}

