# JRE version: Java(TM) SE Runtime Environment 18.9 (11.0.7+8) (build 11.0.7+8-LTS)
# Java VM: Java HotSpot(TM) 64-Bit Server VM 18.9 (11.0.7+8-LTS, mixed mode, tiered, compressed oops, g1 gc, linux-amd64)
Heap:
 garbage-first heap   total 126976K, used 18268K [0x0000000084000000, 0x0000000100000000)
  region size 1024K, 10 young (10240K), 6 survivors (6144K)
 Metaspace       used 30543K, capacity 31526K, committed 31744K, reserved 1077248K
  class space    used 3892K, capacity 4320K, committed 4352K, reserved 1048576K
GC Heap History (6 events):
Event: 0.695 GC heap before
{Heap before GC invocations=0 (full 0):
 garbage-first heap   total 126976K, used 23552K [0x0000000084000000, 0x0000000100000000)
  region size 1024K, 24 young (24576K), 0 survivors (0K)
 Metaspace       used 11405K, capacity 11734K, committed 11904K, reserved 1060864K
  class space    used 1196K, capacity 1343K, committed 1408K, reserved 1048576K
}
Event: 0.698 GC heap after
{Heap after GC invocations=1 (full 0):
 garbage-first heap   total 126976K, used 4502K [0x0000000084000000, 0x0000000100000000)
  region size 1024K, 3 young (3072K), 3 survivors (3072K)
 Metaspace       used 11405K, capacity 11734K, committed 11904K, reserved 1060864K
  class space    used 1196K, capacity 1343K, committed 1408K, reserved 1048576K
}
Event: 1.227 GC heap before
{Heap before GC invocations=1 (full 0):
 garbage-first heap   total 126976K, used 31126K [0x0000000084000000, 0x0000000100000000)
  region size 1024K, 30 young (30720K), 3 survivors (3072K)
 Metaspace       used 20494K, capacity 21073K, committed 21248K, reserved 1069056K
  class space    used 2350K, capacity 2539K, committed 2560K, reserved 1048576K
}
Event: 1.232 GC heap after
{Heap after GC invocations=2 (full 0):
 garbage-first heap   total 126976K, used 6715K [0x0000000084000000, 0x0000000100000000)
  region size 1024K, 6 young (6144K), 6 survivors (6144K)
 Metaspace       used 20494K, capacity 21073K, committed 21248K, reserved 1069056K
  class space    used 2350K, capacity 2539K, committed 2560K, reserved 1048576K
}
Event: 1.987 GC heap before
{Heap before GC invocations=3 (full 0):
 garbage-first heap   total 126976K, used 49723K [0x0000000084000000, 0x0000000100000000)
  region size 1024K, 43 young (44032K), 6 survivors (6144K)
 Metaspace       used 29466K, capacity 30390K, committed 30720K, reserved 1075200K
  class space    used 3845K, capacity 4243K, committed 4352K, reserved 1048576K
}
Event: 1.993 GC heap after
{Heap after GC invocations=4 (full 0):
 garbage-first heap   total 126976K, used 15196K [0x0000000084000000, 0x0000000100000000)
  region size 1024K, 6 young (6144K), 6 survivors (6144K)
 Metaspace       used 29466K, capacity 30390K, committed 30720K, reserved 1075200K
  class space    used 3845K, capacity 4243K, committed 4352K, reserved 1048576K
}

